<?xml version="1.0" encoding="UTF-8"?>
<!-- Generated by org.testng.reporters.JUnitReportReporter -->
<testsuite hostname="DESKTOP-T7O8GD5" failures="0" tests="4" name="testsuite_1.Module1" time="0.049" errors="0" timestamp="2024-09-18T19:11:52 EDT" skipped="0">
  <testcase classname="testsuite_1.Module1" name="login" time="0.003"/>
  <testcase classname="testsuite_1.Module1" name="login" time="0.008"/>
  <testcase classname="testsuite_1.Module1" name="test001" time="0.034"/>
  <testcase classname="testsuite_1.Module1" name="test002" time="0.004"/>
</testsuite> <!-- testsuite_1.Module1 -->
