<?xml version="1.0" encoding="UTF-8"?>
<!-- Generated by org.testng.reporters.JUnitReportReporter -->
<testsuite hostname="DESKTOP-T7O8GD5" failures="0" tests="2" name="testsuite_1.Module_2" time="0.008" errors="0" timestamp="2024-09-18T21:37:36 EDT" skipped="0">
  <testcase classname="testsuite_1.Module_2" name="test001" time="0.008"/>
  <testcase classname="testsuite_1.Module_2" name="test001" time="0.000"/>
</testsuite> <!-- testsuite_1.Module_2 -->
